<?xml version="1.0" encoding="UTF-8"?>
<!-- Generated by org.testng.reporters.JUnitReportReporter -->
<testsuite hostname="Ibrahims-iMac.local" failures="0" tests="1" name="Test1" time="1.461" errors="0" timestamp="2022-02-25T07:59:36 EST" skipped="0">
  <testcase classname="Test1" name="get01" time="1.461"/>
  <system-out/>
</testsuite> <!-- Test1 -->
